<?xml version="1.0" encoding="UTF-8"?>
<!-- Generated by org.testng.reporters.JUnitReportReporter -->
<testsuite hostname="LIN-GM0ZV64" failures="0" tests="1" name="runner.TestNGrunner" time="71.199" errors="0" timestamp="2025-02-03T15:40:49 IST" skipped="0">
  <testcase classname="runner.TestNGrunner" name="runScenario" time="71.199"/>
  <system-out/>
</testsuite> <!-- runner.TestNGrunner -->
